  simple.cpp
c:\users\islab_dennis\desktop\simple\simple\simple.cpp(139): warning C4244: '=': 將 'int' 轉換為 'float'，由於類型不同，可能導致資料遺失
c:\users\islab_dennis\desktop\simple\simple\simple.cpp(140): warning C4244: '=': 將 'int' 轉換為 'float'，由於類型不同，可能導致資料遺失
c:\users\islab_dennis\desktop\simple\simple\simple.cpp(146): warning C4244: '=': 將 'int' 轉換為 'float'，由於類型不同，可能導致資料遺失
c:\users\islab_dennis\desktop\simple\simple\simple.cpp(147): warning C4244: '=': 將 'int' 轉換為 'float'，由於類型不同，可能導致資料遺失
c:\users\islab_dennis\desktop\simple\simple\simple.cpp(163): warning C4244: '引數': 將 'double' 轉換為 'float'，由於類型不同，可能導致資料遺失
c:\users\islab_dennis\desktop\simple\simple\simple.cpp(164): warning C4244: '引數': 將 'double' 轉換為 'float'，由於類型不同，可能導致資料遺失
c:\users\islab_dennis\desktop\simple\simple\simple.cpp(198): warning C4244: '引數': 將 'double' 轉換為 'float'，由於類型不同，可能導致資料遺失
c:\users\islab_dennis\desktop\simple\simple\simple.cpp(214): warning C4244: '引數': 將 'double' 轉換為 'float'，由於類型不同，可能導致資料遺失
c:\users\islab_dennis\desktop\simple\simple\simple.cpp(246): warning C4244: '=': 將 'double' 轉換為 'float'，由於類型不同，可能導致資料遺失
c:\users\islab_dennis\desktop\simple\simple\simple.cpp(266): warning C4244: '=': 將 'double' 轉換為 'float'，由於類型不同，可能導致資料遺失
c:\users\islab_dennis\desktop\simple\simple\simple.cpp(267): warning C4244: '=': 將 'double' 轉換為 'float'，由於類型不同，可能導致資料遺失
c:\users\islab_dennis\desktop\simple\simple\simple.cpp(268): warning C4244: '=': 將 'double' 轉換為 'float'，由於類型不同，可能導致資料遺失
c:\users\islab_dennis\desktop\simple\simple\simple.cpp(341): warning C4244: '引數': 將 'double' 轉換為 'float'，由於類型不同，可能導致資料遺失
c:\users\islab_dennis\desktop\simple\simple\simple.cpp(349): warning C4244: '正在初始化': 將 'double' 轉換為 'float'，由於類型不同，可能導致資料遺失
c:\users\islab_dennis\desktop\simple\simple\simple.cpp(353): warning C4244: '引數': 將 'double' 轉換為 'float'，由於類型不同，可能導致資料遺失
c:\users\islab_dennis\desktop\simple\simple\simple.cpp(373): warning C4244: '正在初始化': 將 'double' 轉換為 'float'，由於類型不同，可能導致資料遺失
c:\users\islab_dennis\desktop\simple\simple\simple.cpp(377): warning C4244: '引數': 將 'double' 轉換為 'float'，由於類型不同，可能導致資料遺失
c:\users\islab_dennis\desktop\simple\simple\simple.cpp(395): warning C4244: '引數': 將 'double' 轉換為 'float'，由於類型不同，可能導致資料遺失
c:\users\islab_dennis\desktop\simple\simple\simple.cpp(397): warning C4244: '引數': 將 'double' 轉換為 'float'，由於類型不同，可能導致資料遺失
c:\users\islab_dennis\desktop\simple\simple\simple.cpp(414): warning C4244: '正在初始化': 將 'double' 轉換為 'float'，由於類型不同，可能導致資料遺失
c:\users\islab_dennis\desktop\simple\simple\simple.cpp(418): warning C4244: '引數': 將 'double' 轉換為 'float'，由於類型不同，可能導致資料遺失
c:\users\islab_dennis\desktop\simple\simple\simple.cpp(436): warning C4244: '正在初始化': 將 'double' 轉換為 'float'，由於類型不同，可能導致資料遺失
c:\users\islab_dennis\desktop\simple\simple\simple.cpp(440): warning C4244: '引數': 將 'double' 轉換為 'float'，由於類型不同，可能導致資料遺失
c:\users\islab_dennis\desktop\simple\simple\simple.cpp(458): warning C4244: '正在初始化': 將 'double' 轉換為 'float'，由於類型不同，可能導致資料遺失
c:\users\islab_dennis\desktop\simple\simple\simple.cpp(462): warning C4244: '引數': 將 'double' 轉換為 'float'，由於類型不同，可能導致資料遺失
c:\users\islab_dennis\desktop\simple\simple\simple.cpp(551): warning C4244: '引數': 將 'double' 轉換為 'GLfloat'，由於類型不同，可能導致資料遺失
c:\users\islab_dennis\desktop\simple\simple\simple.cpp(554): warning C4244: '引數': 將 'double' 轉換為 'GLfloat'，由於類型不同，可能導致資料遺失
c:\users\islab_dennis\desktop\simple\simple\simple.cpp(557): warning C4244: '引數': 將 'double' 轉換為 'GLfloat'，由於類型不同，可能導致資料遺失
c:\users\islab_dennis\desktop\simple\simple\simple.cpp(560): warning C4244: '引數': 將 'double' 轉換為 'GLfloat'，由於類型不同，可能導致資料遺失
c:\users\islab_dennis\desktop\simple\simple\simple.cpp(587): warning C4244: '引數': 將 'double' 轉換為 'float'，由於類型不同，可能導致資料遺失
c:\users\islab_dennis\desktop\simple\simple\simple.cpp(608): warning C4305: '引數': 從 'double' 轉換為 'GLfloat'，是由較大的類型轉換為較小的類型，可能導致資料遺失
c:\users\islab_dennis\desktop\simple\simple\simple.cpp(609): warning C4305: '引數': 從 'double' 轉換為 'GLfloat'，是由較大的類型轉換為較小的類型，可能導致資料遺失
c:\users\islab_dennis\desktop\simple\simple\simple.cpp(618): warning C4244: '引數': 將 'double' 轉換為 'float'，由於類型不同，可能導致資料遺失
c:\users\islab_dennis\desktop\simple\simple\simple.cpp(618): warning C4244: '引數': 將 'double' 轉換為 'GLfloat'，由於類型不同，可能導致資料遺失
c:\users\islab_dennis\desktop\simple\simple\simple.cpp(619): warning C4305: '引數': 從 'double' 轉換為 'GLfloat'，是由較大的類型轉換為較小的類型，可能導致資料遺失
c:\users\islab_dennis\desktop\simple\simple\simple.cpp(634): warning C4305: '引數': 從 'double' 轉換為 'GLfloat'，是由較大的類型轉換為較小的類型，可能導致資料遺失
c:\users\islab_dennis\desktop\simple\simple\simple.cpp(640): warning C4018: '<': signed/unsigned 不相符
c:\users\islab_dennis\desktop\simple\simple\simple.cpp(656): warning C4305: '引數': 從 'double' 轉換為 'GLfloat'，是由較大的類型轉換為較小的類型，可能導致資料遺失
c:\users\islab_dennis\desktop\simple\simple\simple.cpp(663): warning C4018: '<': signed/unsigned 不相符
  正在產生程式碼
  2 of 144 functions ( 1.4%) were compiled, the rest were copied from previous compilation.
    0 functions were new in current compilation
    0 functions had inline decision re-evaluated but remain unchanged
  已完成程式碼產生
  simple.vcxproj -> C:\Users\IsLab_dennis\Desktop\simple\Release\simple.exe
